<?xml version="1.0" encoding="UTF-8"?>
<testsuite xmlns:xsi="http://www.w3.org/2001/XMLSchema-instance" xsi:noNamespaceSchemaLocation="https://maven.apache.org/surefire/maven-surefire-plugin/xsd/surefire-test-report-3.0.xsd" version="3.0" name="org.projectndongo.ndongo.NdongoApplicationTests" time="8.332" tests="1" errors="0" skipped="0" failures="0">
  <properties>
[...]
</properties>
  <testcase name="contextLoads" classname="org.projectndongo.ndongo.NdongoApplicationTests" time="0.485">
    <system-out><![CDATA[15:23:08.847 [main] INFO org.springframework.test.context.support.AnnotationConfigContextLoaderUtils -- Could not detect default configuration classes for test class [org.projectndongo.ndongo.NdongoApplicationTests]: NdongoApplicationTests does not declare any static, non-private, non-final, nested classes annotated with @Configuration.
15:23:08.986 [main] INFO org.springframework.boot.test.context.SpringBootTestContextBootstrapper -- Found @SpringBootConfiguration org.projectndongo.ndongo.NdongoApplication for test class org.projectndongo.ndongo.NdongoApplicationTests
15:23:09.212 [main] INFO org.springframework.boot.devtools.restart.RestartApplicationListener -- Restart disabled due to context in which it is running

  .   ____          _            __ _ _
 /\\ / ___'_ __ _ _(_)_ __  __ _ \ \ \ \
( ( )\___ | '_ | '_| | '_ \/ _` | \ \ \ \
 \\/  ___)| |_)| | | | | || (_| |  ) ) ) )
  '  |____| .__|_| |_|_| |_\__, | / / / /
 =========|_|==============|___/=/_/_/_/
 :: Spring Boot ::                (v3.1.5)

2024-01-09T15:23:09.570+01:00  INFO 29448 --- [           main] o.p.ndongo.NdongoApplicationTests        : Starting NdongoApplicationTests using Java 17.0.9 with PID 29448 (started by Unai in C:\Users\Unai\IdeaProjects\ndongo-last)
2024-01-09T15:23:09.572+01:00  INFO 29448 --- [           main] o.p.ndongo.NdongoApplicationTests        : No active profile set, falling back to 1 default profile: "default"
2024-01-09T15:23:10.786+01:00  INFO 29448 --- [           main] .s.d.r.c.RepositoryConfigurationDelegate : Bootstrapping Spring Data JPA repositories in DEFAULT mode.
2024-01-09T15:23:10.860+01:00  INFO 29448 --- [           main] .s.d.r.c.RepositoryConfigurationDelegate : Finished Spring Data repository scanning in 65 ms. Found 7 JPA repository interfaces.
2024-01-09T15:23:11.399+01:00  INFO 29448 --- [           main] o.hibernate.jpa.internal.util.LogHelper  : HHH000204: Processing PersistenceUnitInfo [name: default]
2024-01-09T15:23:11.490+01:00  INFO 29448 --- [           main] org.hibernate.Version                    : HHH000412: Hibernate ORM core version 6.2.13.Final
2024-01-09T15:23:11.492+01:00  INFO 29448 --- [           main] org.hibernate.cfg.Environment            : HHH000406: Using bytecode reflection optimizer
2024-01-09T15:23:11.852+01:00  INFO 29448 --- [           main] o.s.o.j.p.SpringPersistenceUnitInfo      : No LoadTimeWeaver setup: ignoring JPA class transformer
2024-01-09T15:23:11.885+01:00  INFO 29448 --- [           main] com.zaxxer.hikari.HikariDataSource       : HikariPool-1 - Starting...
2024-01-09T15:23:12.446+01:00  INFO 29448 --- [           main] com.zaxxer.hikari.pool.HikariPool        : HikariPool-1 - Added connection com.mysql.cj.jdbc.ConnectionImpl@38ef1a0a
2024-01-09T15:23:12.448+01:00  INFO 29448 --- [           main] com.zaxxer.hikari.HikariDataSource       : HikariPool-1 - Start completed.
2024-01-09T15:23:13.923+01:00  INFO 29448 --- [           main] o.h.e.t.j.p.i.JtaPlatformInitiator       : HHH000489: No JTA platform available (set 'hibernate.transaction.jta.platform' to enable JTA platform integration)
2024-01-09T15:23:14.520+01:00  INFO 29448 --- [           main] j.LocalContainerEntityManagerFactoryBean : Initialized JPA EntityManagerFactory for persistence unit 'default'
2024-01-09T15:23:14.834+01:00  INFO 29448 --- [           main] o.s.d.j.r.query.QueryEnhancerFactory     : Hibernate is in classpath; If applicable, HQL parser will be used.
2024-01-09T15:23:15.666+01:00  WARN 29448 --- [           main] JpaBaseConfiguration$JpaWebConfiguration : spring.jpa.open-in-view is enabled by default. Therefore, database queries may be performed during view rendering. Explicitly configure spring.jpa.open-in-view to disable this warning
2024-01-09T15:23:15.911+01:00  INFO 29448 --- [           main] o.s.s.web.DefaultSecurityFilterChain     : Will secure any request with [org.springframework.security.web.session.DisableEncodeUrlFilter@6dd0e2f4, org.springframework.security.web.context.request.async.WebAsyncManagerIntegrationFilter@333813e7, org.springframework.security.web.context.SecurityContextHolderFilter@2f8cb4c9, org.springframework.security.web.header.HeaderWriterFilter@6f67312d, org.springframework.security.web.csrf.CsrfFilter@66c18b9b, org.springframework.security.web.authentication.logout.LogoutFilter@10c26161, org.springframework.security.oauth2.client.web.OAuth2AuthorizationRequestRedirectFilter@5aad4194, org.springframework.security.oauth2.client.web.OAuth2LoginAuthenticationFilter@50a1c2f3, org.springframework.security.web.authentication.UsernamePasswordAuthenticationFilter@49e3b86b, org.springframework.security.web.savedrequest.RequestCacheAwareFilter@93a793a, org.springframework.security.web.servletapi.SecurityContextHolderAwareRequestFilter@6abd88fe, org.springframework.security.web.authentication.AnonymousAuthenticationFilter@292237cd, org.springframework.security.web.access.ExceptionTranslationFilter@32fa956b, org.springframework.security.web.access.intercept.AuthorizationFilter@29cd48bd]
2024-01-09T15:23:16.449+01:00  INFO 29448 --- [           main] o.p.ndongo.NdongoApplicationTests        : Started NdongoApplicationTests in 7.255 seconds (process running for 8.322)
]]></system-out>
  </testcase>
</testsuite>